##Target(components) Size(AAs) Name(for output)
VH7/CD276 1000 VH7_CD276
VH8/CD276 1000 VH8_CD276
VH9/CD276 1000 VH9_CD276
A10/CD276 1000 A10_CD276
C7/CD276 1000 C7_CD276
85/CD276 1000 85_CD276
54/CD276 1000 54_CD276
111/CD276 1000 111_CD276
8/CD276 1000 8_CD276
123/CD276 1000 123_CD276
112/CD276 1000 112_CD276
40/CD276 1000 40_CD276
21/CD276 1000 21_CD276
75/CD276 1000 75_CD276
118/CD276 1000 118_CD276
97/CD276 1000 97_CD276
3/CD276 1000 3_CD276
15/CD276 1000 15_CD276
101/CD276 1000 101_CD276
37/CD276 1000 37_CD276
96/CD276 1000 96_CD276
107/CD276 1000 107_CD276
90/CD276 1000 90_CD276
84/CD276 1000 84_CD276
79/CD276 1000 79_CD276
100/CD276 1000 100_CD276
5/CD276 1000 5_CD276
86/CD276 1000 86_CD276
16/CD276 1000 16_CD276
43/CD276 1000 43_CD276
63/CD276 1000 63_CD276
24/CD276 1000 24_CD276
2/CD276 1000 2_CD276
76/CD276 1000 76_CD276
73/CD276 1000 73_CD276
119/CD276 1000 119_CD276
49/CD276 1000 49_CD276
74/CD276 1000 74_CD276
34/CD276 1000 34_CD276
93/CD276 1000 93_CD276
99/CD276 1000 99_CD276
91/CD276 1000 91_CD276
60/CD276 1000 60_CD276
10/CD276 1000 10_CD276
116/CD276 1000 116_CD276
87/CD276 1000 87_CD276
13/CD276 1000 13_CD276
69/CD276 1000 69_CD276
31/CD276 1000 31_CD276
68/CD276 1000 68_CD276
114/CD276 1000 114_CD276
50/CD276 1000 50_CD276
47/CD276 1000 47_CD276
58/CD276 1000 58_CD276
110/CD276 1000 110_CD276
98/CD276 1000 98_CD276
94/CD276 1000 94_CD276
19/CD276 1000 19_CD276
115/CD276 1000 115_CD276
44/CD276 1000 44_CD276
77/CD276 1000 77_CD276
103/CD276 1000 103_CD276
1/CD276 1000 1_CD276
61/CD276 1000 61_CD276
124/CD276 1000 124_CD276
57/CD276 1000 57_CD276
62/CD276 1000 62_CD276
20/CD276 1000 20_CD276
121/CD276 1000 121_CD276
4/CD276 1000 4_CD276
92/CD276 1000 92_CD276
106/CD276 1000 106_CD276
72/CD276 1000 72_CD276
11/CD276 1000 11_CD276
78/CD276 1000 78_CD276
80/CD276 1000 80_CD276
65/CD276 1000 65_CD276
53/CD276 1000 53_CD276
23/CD276 1000 23_CD276
70/CD276 1000 70_CD276
67/CD276 1000 67_CD276
25/CD276 1000 25_CD276
71/CD276 1000 71_CD276
120/CD276 1000 120_CD276
18/CD276 1000 18_CD276
102/CD276 1000 102_CD276
82/CD276 1000 82_CD276
104/CD276 1000 104_CD276
109/CD276 1000 109_CD276
33/CD276 1000 33_CD276
28/CD276 1000 28_CD276
56/CD276 1000 56_CD276
113/CD276 1000 113_CD276
122/CD276 1000 122_CD276
89/CD276 1000 89_CD276
12/CD276 1000 12_CD276
88/CD276 1000 88_CD276
52/CD276 1000 52_CD276
64/CD276 1000 64_CD276
51/CD276 1000 51_CD276
17/CD276 1000 17_CD276
6/CD276 1000 6_CD276
22/CD276 1000 22_CD276
81/CD276 1000 81_CD276
117/CD276 1000 117_CD276
9/CD276 1000 9_CD276
